Arguments: 
  C:\Program Files\nodejs\node.exe C:\Users\ABDUVALI\AppData\Roaming\npm\node_modules\yarn\bin\yarn.js install

PATH: 
  C:\Ruby27-x64\bin;C:\windows\system32;C:\windows;C:\windows\System32\Wbem;C:\windows\System32\WindowsPowerShell\v1.0\;C:\windows\System32\OpenSSH\;C:\Program Files (x86)\NVIDIA Corporation\PhysX\Common;C:\Program Files\NVIDIA Corporation\NVIDIA NvDLISR;C:\Program Files\Git\cmd;C:\Users\ABDUVALI\AppData\Local\Android\Sdk;C:\gradle-6.8.1\bin;C:\Program Files\nodejs\;C:\Program Files\Java\jdk1.8.0_241\bin;C:\Program Files\gradle-7.3;C:\Program Files\gradle-7.3\bin;C:\Program Files\Microsoft VS Code\bin;C:\Users\ABDUVALI\AppData\Local\Programs\Python\Python38-32\Scripts\;C:\Users\ABDUVALI\AppData\Local\Programs\Python\Python38-32\;C:\Users\ABDUVALI\AppData\Local\Microsoft\WindowsApps;C:\Program Files\JetBrains\WebStorm 2021.1.2\bin;;"C:\Program Files\Microsoft VS Code\bin;";C:\Program Files\JetBrains\PyCharm 2020.3.3\bin;;C:\Program Files\heroku\bin;C:\Program Files\JetBrains\IntelliJ IDEA 2021.1.1\bin;;C:\Program Files\JetBrains\IntelliJ IDEA Community Edition 2019.1\bin;;C:\Program Files\JetBrains\DataGrip 2021.1.3\bin;C:\src\flutter\bin;;C:\Users\ABDUVALI\AppData\Roaming\npm;C:\Program Files\gradle-7.3\bin;C:\Program Files\Microsoft VS Code;C:\Users\ABDUVALI\AppData\Local\Programs\Microsoft VS Code\bin

Yarn version: 
  1.22.17

Node version: 
  14.17.5

Platform: 
  win32 x64

Trace: 
  Error: UNKNOWN: unknown error, copyfile 'C:\Users\ABDUVALI\AppData\Local\Yarn\Cache\v6\npm-@typescript-eslint-scope-manager-5.27.0-a272178f613050ed62f51f69aae1e19e870a8bbb-integrity\node_modules\@typescript-eslint\scope-manager\dist\lib\es2015.collection.d.ts.map' -> 'C:\Share\client\node_modules\@typescript-eslint\scope-manager\dist\lib\es2015.collection.d.ts.map'

npm manifest: 
  {
    "name": "frontend",
    "version": "0.1.0",
    "private": true,
    "dependencies": {
      "@ckeditor/ckeditor5-build-classic": "^33.0.0",
      "@ckeditor/ckeditor5-react": "^4.0.1",
      "@googlemaps/react-wrapper": "^1.1.32",
      "@testing-library/jest-dom": "^5.16.3",
      "@testing-library/react": "^12.1.4",
      "@testing-library/user-event": "^13.5.0",
      "@tinymce/tinymce-react": "^3.14.0",
      "antd": "^4.20.7",
      "axios": "^0.27.2",
      "cors": "^2.8.5",
      "fontawesome": "^5.6.3",
      "html-react-parser": "^1.4.10",
      "http-proxy-middleware": "^2.0.4",
      "particles-bg": "^2.5.5",
      "react": "^18.0.0",
      "react-dom": "^18.0.0",
      "react-helmet": "^6.1.0",
      "react-router-dom": "^6.2.2",
      "react-scripts": "5.0.0",
      "react-toastify": "^9.0.2",
      "swiper": "^8.1.6",
      "tinymce": "^6.0.1",
      "web-vitals": "^2.1.4"
    },
    "scripts": {
      "start": "react-scripts start",
      "build": "react-scripts build",
      "test": "react-scripts test",
      "eject": "react-scripts eject"
    },
    "eslintConfig": {
      "extends": [
        "react-app",
        "react-app/jest"
      ]
    },
    "browserslist": {
      "production": [
        ">0.2%",
        "not dead",
        "not op_mini all"
      ],
      "development": [
        "last 1 chrome version",
        "last 1 firefox version",
        "last 1 safari version"
      ]
    }
  }

yarn manifest: 
  No manifest

Lockfile: 
  No lockfile
